{"ts":"2022-03-25T22:56:28.457","pid":4100,"tid":"f9c","sev":"info","req":"-","sess":"-","k":"fault-reporting-init","v":{"log-path":"C:\\Users\\User\\Documents\\My Tableau Repository\\Logs\\crashdumps\\hyperd-error_4100_22-0325-225628.log"}}
{"ts":"2022-03-25T22:56:28.476","pid":4100,"tid":"f9c","sev":"info","req":"-","sess":"-","k":"startup-info","v":{"command-line":"C:\\Program Files\\Tableau\\Tableau 2019.3\\bin\\hyper\\hyperd.exe --init overwrite --skip-license --no-password --no-ssl --init-user tableau_internal_user -x language=en_US -x fallback_on_unknown_locale=en_US --log-dir C:\\Users\\User\\Documents\\My Tableau Repository\\Logs -x log_config=file,json,all,hyperd,0 -x log_file_backup_size_limit=1m -x Tableau.LogLevel.Info -x crash_dump_path=C:\\Users\\User\\Documents\\My Tableau Repository\\Logs\\crashdumps --database C:\\Users\\User\\AppData\\Local\\Temp\\TableauTemp\\0e8x5x909r3l8x10jjxof06vhnzw\\hyper_db --listen-connection tab.pipe://./pipe/auto --callback-connection tab.pipe://./pipe/{93A16A0A-43E8-49FE-A5E0-E635365D0CDA} run","server-version":"9.1.0","build-version":"2019.3.0.6722.r7a0bac9d","build-type":"Release","build-cpu-features":["sse2","sse4.2"],"network-threads":2,"parent-pid":13516,"min-protocol-version":1,"max-protocol-version":1}}
{"ts":"2022-03-25T22:56:28.477","pid":4100,"tid":"f9c","sev":"info","req":"-","sess":"-","k":"startup-settings","v":{"settings":{"Hyper.Mode.Experimental": "", "Hyper.Mode.Standard": "", "Tableau.LogLevel.Debug": "", "Tableau.LogLevel.Error": "", "Tableau.LogLevel.Fatal": "", "Tableau.LogLevel.Info": "", "Tableau.LogLevel.Off": "", "Tableau.LogLevel.Trace": "", "Tableau.LogLevel.Warn": "", "adaptive_compilation": true, "case_contains_optimization_mode": "3", "client_slow_phase_threshold": 100, "client_slow_threshold": 200, "crash_dump_path": "\"C:\\Users\\User\\Documents\\My Tableau Repository\\Logs\\crashdumps\"", "database_directory": "", "date_style": "ISO, MDY", "deduplicate_query_fragments": true, "default_database_file_version": "0", "enable_scheduler_task_preemption_cancellation": false, "extra_float_digits": 0, "fallback_on_unknown_locale": "en_us", "file_partition_size_limit": "0", "global_file_partition_size_limit": "0", "hard_concurrent_query_thread_limit": "100%", "initial_random_seed": 233, "lambda_restriction_only_if_unreusable": true, "language": "en_US", "llvm_compilation_cpu_features": "-avx512ifma,-avx512dq,-avx512er,-avx512vpopcntdq,-avx512vl,-avx512cd,-avx512f,-avx512bw,-avx512vbmi,-avx512pf", "log_block_partition": false, "log_bulk_insert": false, "log_bump_allocator": false, "log_code_metrics": false, "log_collation_mismatch": true, "log_common_subexpression_extraction": false, "log_common_subexpression_hoisting": false, "log_compilation_mode": false, "log_config": "file,json,all,hyperd,0", "log_connection": false, "log_constraint_check": false, "log_continuations": false, "log_database": false, "log_expression_reuse": false, "log_external_streams": false, "log_external_table_cache": false, "log_file_backup_size_limit": "1024k", "log_file_max_count": 0, "log_file_path": "\"C:\\Users\\User\\Documents\\My Tableau Repository\\Logs\"", "log_file_size_limit": "16777215t", "log_filter_join": false, "log_hashtable_sizes": false, "log_last_parallel": false, "log_memory_tracker": false, "log_memory_tracker_threshold": "16777215t", "log_objectstore": false, "log_optimizer_statistics": false, "log_optimizersteps": false, "log_pipeline_dependencies": false, "log_pipelines": false, "log_plan_cache": false, "log_queries": true, "log_query_cpu": true, "log_query_graph": false, "log_query_plans": false, "log_resource_usage_interval": 0, "log_resource_usage_mode": "19", "log_sample": false, "log_scheduler": false, "log_scheduler_condvar": false, "log_schema_serialization": false, "log_script_pipelines": false, "log_service_name": "hyperd", "log_spooling_fallback_verbose": false, "log_stack_on_error": false, "log_statement_latches": false, "log_timing": false, "log_translation_mapping_choice": false, "log_troublesome_query_plans": true, "log_unflushedmemory": false, "log_writebuffer": false, "max_query_size": "64m", "metric_additional_headers": "", "metric_additional_payload": "", "metric_certificate_path": "", "metric_publish_interval_s": 0, "metric_server_host": "", "metric_server_path": "", "metric_server_port": 443, "metric_skip_verify_peer": false, "metric_use_gzip": false, "named_pipes_allow_all_users": false, "num_job_worker_threads": "100%", "num_task_worker_threads": "100%", "optimize_extract_year": true, "optimize_hoist_contains_from_map": true, "optimize_lambda_restriction": true, "optimize_tde_lambda_restriction": true, "password_encryption": "md5", "restrict_database_directory": true, "sample_cluster_block_factor": 0.1, "sample_cluster_block_factor_threshold": 0.001, "sample_max_tuples": 100000000, "sample_min_tuples": 1000, "scheduler_task_preemption_cancellation_threshold": "10s", "scheduler_task_preemption_frequency": "1s", "session_memory_limit": "16777215t", "short_circuiting": true, "soft_concurrent_query_thread_limit": "100%", "srm_detailed_logging": false, "string_pool_file_allocation": "16m", "tde_scan_once_default": false, "transitive_join_condition_optimization_limit": 7, "troublesome_query_execution_threshold": 10000, "two_digit_year_threshold": 70, "use_containsany": true, "use_new_join_estimates": true, "use_spooling_fallback": true, "watchdog_timeout": "5min", "writebuffer_max_size_per_thread": "0", "writebuffer_min_size_per_query": "0"}}}
{"ts":"2022-03-25T22:56:28.477","pid":4100,"tid":"f9c","sev":"info","req":"-","sess":"-","k":"cpu-info","v":{"physical-cores":2,"logical-cores":4,"cpu-vendor":"GenuineIntel","cpu-stepping":4,"cpu-model":13,"cpu-family":6,"cpu-processor-type":0,"cpu-extended-model":3,"cpu-extended-family":0,"feature-flags":"00000000000000110000011011010100|00000010000100000000100000000000|11111110110110101111001110000011|10111111110010111111101111111111|00000000000111000010011110101011|00000000000000000000000000000000|10111100000000000000010000000000"}}
{"ts":"2022-03-25T22:56:28.477","pid":4100,"tid":"f9c","sev":"info","req":"-","sess":"-","k":"compilation-cpu-features","v":{"cpu":"broadwell","features":["sse2","cx16","-tbm","-avx512ifma","-avx512dq","-fma4","prfchw","bmi2","-xsavec","fsgsbase","popcnt","aes","-xsaves","-avx512er","-avx512vpopcntdq","-clwb","-avx512f","-clzero","-pku","mmx","-lwp","-xop","rdseed","-sse4a","-avx512bw","-clflushopt","xsave","-avx512vl","-avx512cd","avx","-rtm","fma","bmi","rdrnd","-mwaitx","sse4.1","sse4.2","avx2","sse","lzcnt","pclmul","-prefetchwt1","f16c","ssse3","-sgx","cmov","-avx512vbmi","movbe","xsaveopt","-sha","adx","-avx512pf","sse3"]}}
{"ts":"2022-03-25T22:56:28.496","pid":4100,"tid":"f9c","sev":"info","req":"-","sess":"-","k":"operating-system-info","v":{"operating-system-name":"Windows","operating-system-version":"10.0.19041.1566"}}
{"ts":"2022-03-25T22:56:28.504","pid":4100,"tid":"f9c","sev":"info","req":"-","sess":"-","k":"memory-info","v":{"physical-memory-mb":8102.16,"page-alignment-size":65536}}
{"ts":"2022-03-25T22:56:28.504","pid":4100,"tid":"f9c","sev":"warning","req":"-","sess":"-","k":"redo-log-not-persisted","v":{"msg":"Redo log is not persisted: database durability will not be guaranteed"}}
{"ts":"2022-03-25T22:56:28.505","pid":4100,"tid":"f9c","sev":"info","req":"-","sess":"-","k":"init-maindb-begin","v":{"path":"C:\\Users\\User\\AppData\\Local\\Temp\\TableauTemp\\0e8x5x909r3l8x10jjxof06vhnzw\\hyper_db"}}
{"ts":"2022-03-25T22:56:28.517","pid":4100,"tid":"2b00","sev":"info","req":"-","sess":"-","k":"memtracker-reclaim","v":{"managed-objects":0,"goal":2968795546,"reclaimed":0,"new-current-mem":0,"skip-count":0,"still-available":0,"notified":true,"elapsed":1.31e-05}}
{"ts":"2022-03-25T22:56:28.517","pid":4100,"tid":"f9c","sev":"info","req":"-","sess":"-","k":"thread-normalizer-processor-group","v":{"group":0,"processor-count":4}}
{"ts":"2022-03-25T22:56:28.517","pid":4100,"tid":"f9c","sev":"info","req":"-","sess":"-","k":"thread-normalizer-config","v":{"group-count":1,"group-size":4}}
{"ts":"2022-03-25T22:56:28.518","pid":4100,"tid":"f9c","sev":"info","req":"-","sess":"-","k":"scheduler-startup","v":{"soft-limit-worker-count":0,"hard-limit-worker-count":1}}
{"ts":"2022-03-25T22:56:28.522","pid":4100,"tid":"f9c","sev":"info","req":"-","sess":"-","k":"scheduler-chosen-variant","v":{"name":"twopool"}}
{"ts":"2022-03-25T22:56:28.524","pid":4100,"tid":"f9c","sev":"info","req":"-","sess":"-","k":"dbregistry-construct","v":{"file-backed":false}}
{"ts":"2022-03-25T22:56:28.900","pid":4100,"tid":"f9c","sev":"info","req":"-","sess":"-","k":"objstore-commit","v":{"file":"\\\\?\\C:\\Users\\User\\AppData\\Local\\Temp\\TableauTemp\\0e8x5x909r3l8x10jjxof06vhnzw\\hyper_db","truncate":false,"uncommitted-changes":true,"elapsed-mark-free":1.53e-05,"elapsed-apply-pending-frees":6.5e-06,"file-size":65536,"elapsed-consolidate-freelist":1.97e-05,"directory-bytes":12368,"elapsed-write-directory-and-freelist":0.0001786,"elapsed-sync-filehandles":0.274574,"file-version":0,"encrypted":0,"last-write":"2022-03-25 17:26:28.803724","elapsed-write-header":0.0957595,"elapsed":0.370663}}
{"ts":"2022-03-25T22:56:28.925","pid":4100,"tid":"f9c","sev":"info","req":"-","sess":"-","k":"objstore-open","v":{"file":"\\\\?\\C:\\Users\\User\\AppData\\Local\\Temp\\TableauTemp\\0e8x5x909r3l8x10jjxof06vhnzw\\hyper_db","elapsed-setup-idmap":0.0002285,"elapsed-open-file":0.0005941,"file-version":0,"encrypted":0,"file-size":65536,"last-write":"2022-03-25 17:26:28.803724","elapsed-adjust-file-size":0.0246083,"mapping-addr":"0x0f0f0fefef7d0000","elapsed-map-file":0.0001942,"directory-bytes":12368,"elapsed-read-directory":0.0001946,"elapsed":0.0258271}}
{"ts":"2022-03-25T22:56:29.092","pid":4100,"tid":"f9c","sev":"info","req":"-","sess":"-","k":"objstore-commit","v":{"file":"\\\\?\\C:\\Users\\User\\AppData\\Local\\Temp\\TableauTemp\\0e8x5x909r3l8x10jjxof06vhnzw\\hyper_db","truncate":false,"uncommitted-changes":true,"elapsed-mark-free":1.68e-05,"elapsed-apply-pending-frees":5.9e-06,"file-size":65536,"elapsed-consolidate-freelist":2.55e-05,"directory-bytes":12368,"elapsed-write-directory-and-freelist":5.17e-05,"elapsed-sync-filehandles":0.0669568,"file-version":0,"encrypted":0,"last-write":"2022-03-25 17:26:29.003762","elapsed-write-header":0.0881895,"elapsed":0.155289}}
{"ts":"2022-03-25T22:56:29.092","pid":4100,"tid":"f9c","sev":"info","req":"-","sess":"-","k":"scheduler-shutdown-begin","v":{}}
{"ts":"2022-03-25T22:56:29.129","pid":4100,"tid":"f9c","sev":"info","req":"-","sess":"-","k":"scheduler-shutdown-end","v":{"elapsed":0.0369021}}
{"ts":"2022-03-25T22:56:29.129","pid":4100,"tid":"f9c","sev":"info","req":"-","sess":"-","k":"global-infrastructure-shutdown","v":{}}
{"ts":"2022-03-25T22:56:29.129","pid":4100,"tid":"f9c","sev":"info","req":"-","sess":"-","k":"database-registry-shutdown-begin","v":{}}
{"ts":"2022-03-25T22:56:29.259","pid":4100,"tid":"f9c","sev":"info","req":"-","sess":"-","k":"objstore-commit","v":{"file":"\\\\?\\C:\\Users\\User\\AppData\\Local\\Temp\\TableauTemp\\0e8x5x909r3l8x10jjxof06vhnzw\\hyper_db","truncate":true,"uncommitted-changes":false,"elapsed-mark-free":4.11e-05,"elapsed-apply-pending-frees":6.4e-06,"file-size":65536,"elapsed-consolidate-freelist":1.66e-05,"directory-bytes":12384,"elapsed-write-directory-and-freelist":6.64e-05,"elapsed-sync-filehandles":0.0624886,"file-version":0,"encrypted":0,"last-write":"2022-03-25 17:26:29.192553","elapsed-write-header":0.0662506,"elapsed-shrink-mapping":5.46e-05,"elapsed":0.12896}}
{"ts":"2022-03-25T22:56:29.259","pid":4100,"tid":"f9c","sev":"info","req":"-","sess":"-","k":"dbregistry-release","v":{"path":"\\\\?\\C:\\Users\\User\\AppData\\Local\\Temp\\TableauTemp\\0e8x5x909r3l8x10jjxof06vhnzw\\hyper_db","saved":true,"elapsed-save":0.129655,"closed":true,"elapsed-registry-close":4.69e-05,"elapsed":0.129712}}
{"ts":"2022-03-25T22:56:29.259","pid":4100,"tid":"f9c","sev":"info","req":"-","sess":"-","k":"database-registry-shutdown-end","v":{"elapsed":0.129772}}
{"ts":"2022-03-25T22:56:29.260","pid":4100,"tid":"f9c","sev":"info","req":"-","sess":"-","k":"init-maindb-end","v":{"elapsed-create-globals":0.0189136,"db-user":"tableau_internal_user","elapsed-setup-user":0.0012608,"elapsed-create-db":0.400132,"elapsed-save":0.166531,"elapsed":0.754337}}
{"ts":"2022-03-25T22:56:29.260","pid":4100,"tid":"f9c","sev":"info","req":"-","sess":"-","k":"telemetry-settings","v":{"user-opt-in":false,"feature-flag":true}}
{"ts":"2022-03-25T22:56:29.260","pid":4100,"tid":"f9c","sev":"info","req":"-","sess":"-","k":"service-start","v":{"msg":"Running as a service"}}
{"ts":"2022-03-25T22:56:29.266","pid":4100,"tid":"1778","sev":"info","req":"-","sess":"-","k":"memtracker-reclaim","v":{"managed-objects":0,"goal":2968795546,"reclaimed":0,"new-current-mem":0,"skip-count":0,"still-available":0,"notified":true,"elapsed":9.2e-06}}
{"ts":"2022-03-25T22:56:29.267","pid":4100,"tid":"f9c","sev":"info","req":"-","sess":"-","k":"thread-normalizer-processor-group","v":{"group":0,"processor-count":4}}
{"ts":"2022-03-25T22:56:29.267","pid":4100,"tid":"f9c","sev":"info","req":"-","sess":"-","k":"thread-normalizer-config","v":{"group-count":1,"group-size":4}}
{"ts":"2022-03-25T22:56:29.267","pid":4100,"tid":"f9c","sev":"info","req":"-","sess":"-","k":"scheduler-startup","v":{"soft-limit-worker-count":4,"hard-limit-worker-count":4}}
{"ts":"2022-03-25T22:56:29.267","pid":4100,"tid":"f9c","sev":"info","req":"-","sess":"-","k":"scheduler-chosen-variant","v":{"name":"twopool"}}
{"ts":"2022-03-25T22:56:29.270","pid":4100,"tid":"f9c","sev":"info","req":"-","sess":"-","k":"objstore-open","v":{"file":"\\\\?\\C:\\Users\\User\\AppData\\Local\\Temp\\TableauTemp\\0e8x5x909r3l8x10jjxof06vhnzw\\hyper_db","elapsed-setup-idmap":1.07e-05,"elapsed-open-file":0.0001608,"file-version":0,"encrypted":0,"file-size":65536,"last-write":"2022-03-25 17:26:29.192553","elapsed-adjust-file-size":0.0001855,"mapping-addr":"0x0f0f0fefef7d0000","elapsed-map-file":8.47e-05,"directory-bytes":12384,"elapsed-read-directory":7.02e-05,"elapsed":0.0005159}}
{"ts":"2022-03-25T22:56:29.271","pid":4100,"tid":"f9c","sev":"info","req":"-","sess":"-","k":"dbregistry-load","v":{"access-mode":"readwrite","path":"\\\\?\\C:\\Users\\User\\AppData\\Local\\Temp\\TableauTemp\\0e8x5x909r3l8x10jjxof06vhnzw\\hyper_db","path-given":"C:\\Users\\User\\AppData\\Local\\Temp\\TableauTemp\\0e8x5x909r3l8x10jjxof06vhnzw\\hyper_db","new-ref-count":1,"elapsed-registry-insert":3.64e-05,"already-loaded":false,"elapsed-load":0.0027429,"success":true,"database-uuid":"1642343e-31d5-4b28-803c-ddd62c074b6a","file-size":65536,"encryption":"none","elapsed":0.0028192}}
{"ts":"2022-03-25T22:56:29.272","pid":4100,"tid":"f9c","sev":"info","req":"-","sess":"-","k":"dbregistry-construct","v":{"file-backed":true,"main-db-file":"\\\\?\\C:\\Users\\User\\AppData\\Local\\Temp\\TableauTemp\\0e8x5x909r3l8x10jjxof06vhnzw\\hyper_db"}}
{"ts":"2022-03-25T22:56:29.276","pid":4100,"tid":"f9c","sev":"info","req":"-","sess":"-","k":"listen-named-pipe","v":{"pipe-name":"{BFBA69D0-8D14-4334-BEE7-44BE603B52A8}"}}
{"ts":"2022-03-25T22:56:29.276","pid":4100,"tid":"f9c","sev":"info","req":"-","sess":"-","k":"server-ready","v":{"elapsed":0.899047}}
{"ts":"2022-03-25T22:56:29.276","pid":4100,"tid":"f9c","sev":"info","req":"-","sess":"-","k":"callback-send-begin","v":{"callback-destination":"tab.pipe://./pipe/{93A16A0A-43E8-49FE-A5E0-E635365D0CDA}","callback-reply":"tab.pipe://./pipe/{BFBA69D0-8D14-4334-BEE7-44BE603B52A8}"}}
{"ts":"2022-03-25T22:56:29.277","pid":4100,"tid":"2634","sev":"info","req":"-","sess":"-","k":"monitor-endpoint-start","v":{}}
{"ts":"2022-03-25T22:56:29.277","pid":4100,"tid":"f9c","sev":"info","req":"-","sess":"-","k":"callback-send-end","v":{"elapsed":0.0012504}}
{"ts":"2022-03-25T22:56:29.278","pid":4100,"tid":"2350","sev":"info","req":"-","sess":"-","k":"watchdog-started","v":{"probing-frequency":60,"timeout":300,"max-consecutive-hangs":5,"action":"terminate"}}
{"ts":"2022-03-25T22:56:29.279","pid":4100,"tid":"534","sev":"info","req":"-","sess":"-","k":"windows-timer-resolution-configuration","v":{"value":1}}
{"ts":"2022-03-25T22:56:29.340","pid":4100,"tid":"1018","sev":"info","req":"-","sess":"2","k":"named-pipe-client-accept","v":{"pipe-name":"auto"}}
{"ts":"2022-03-25T22:56:29.340","pid":4100,"tid":"1018","sev":"info","req":"-","sess":"2","k":"create-client-connection","v":{"cancellation_secret":2054708717}}
{"ts":"2022-03-25T22:56:29.341","pid":4100,"tid":"1018","sev":"info","req":"0","sess":"2","k":"request-header-received","v":{"len":279}}
{"ts":"2022-03-25T22:56:29.342","pid":4100,"tid":"2740","sev":"info","req":"0","sess":"2","k":"connection-startup-begin","v":{}}
{"ts":"2022-03-25T22:56:29.342","pid":4100,"tid":"2740","sev":"info","req":"0","sess":"2","k":"connection-startup-options","v":{"db-user":"tableau_internal_user","options":{"database":"postgres","options":{"result_format_code":"hyperbinary","requestedProtocolVersion":"1","language":"en_US","access_mode":"readwrite","DateStyle":"MDY","extra_float_digits":"2","TwoDigitYearThreshold":"40","external_client_context":"{\"req\":\"-\", \"site\":\"-\", \"user\":\"-\"}"}}}}
{"ts":"2022-03-25T22:56:29.342","pid":4100,"tid":"2740","sev":"info","req":"-","sess":"2","k":"dbregistry-load","v":{"path":"\\\\?\\C:\\Users\\User\\AppData\\Local\\Temp\\TableauTemp\\0e8x5x909r3l8x10jjxof06vhnzw\\hyper_db","new-ref-count":2,"already-loaded":true,"database-uuid":"1642343e-31d5-4b28-803c-ddd62c074b6a","encryption":"none","elapsed":1.17e-05}}
{"ts":"2022-03-25T22:56:29.343","pid":4100,"tid":"2740","sev":"info","req":"0","sess":"2","k":"connection-startup-end","v":{"elapsed-interpret-options":0.0001596,"elapsed-check-user":7.59e-05,"have-cred":false,"elapsed-check-authentication":6.6e-06,"elapsed":0.0010523}}
{"ts":"2022-03-25T23:14:07.138","pid":4100,"tid":"2740","sev":"info","req":"-","sess":"3","k":"named-pipe-client-accept","v":{"pipe-name":"auto"}}
{"ts":"2022-03-25T23:14:07.138","pid":4100,"tid":"2740","sev":"info","req":"-","sess":"3","k":"create-client-connection","v":{"cancellation_secret":2384530508}}
{"ts":"2022-03-25T23:14:07.139","pid":4100,"tid":"1018","sev":"info","req":"0","sess":"3","k":"request-header-received","v":{"len":16}}
{"ts":"2022-03-25T23:14:07.139","pid":4100,"tid":"2740","sev":"warning","req":"-","sess":"-","k":"number-network-threads-low","v":{"current-active-continuations":2,"number-network-threads":2}}
{"ts":"2022-03-25T23:14:07.139","pid":4100,"tid":"2740","sev":"info","req":"0","sess":"3","k":"cancel-request-received","v":{"id":0,"secret":2054708717}}
{"ts":"2022-03-25T23:14:07.139","pid":4100,"tid":"2740","sev":"info","req":"0","sess":"3","k":"cancel-request-end","v":{"found-connection":true,"cancel-transaction":false,"canceled-session":2,"cancel-required":false}}
{"ts":"2022-03-25T23:14:07.139","pid":4100,"tid":"5a0","sev":"info","req":"0","sess":"3","k":"connection-closed","v":{}}
{"ts":"2022-03-25T23:14:07.354","pid":4100,"tid":"1018","sev":"info","req":"1","sess":"2","k":"request-header-received","v":{"len":4,"type":"X"}}
{"ts":"2022-03-25T23:14:07.354","pid":4100,"tid":"2740","sev":"info","req":"1","sess":"2","k":"connection-close-request","v":{"reason":"client terminated"}}
{"ts":"2022-03-25T23:14:07.355","pid":4100,"tid":"5a0","sev":"info","req":"1","sess":"2","k":"connection-closed","v":{}}
{"ts":"2022-03-25T23:14:07.355","pid":4100,"tid":"5a0","sev":"info","req":"-","sess":"-","k":"dbregistry-release","v":{"path":"\\\\?\\C:\\Users\\User\\AppData\\Local\\Temp\\TableauTemp\\0e8x5x909r3l8x10jjxof06vhnzw\\hyper_db","saved":false,"new-ref-count":1,"elapsed":1.31e-05}}
{"ts":"2022-03-25T23:14:08.525","pid":4100,"tid":"2634","sev":"info","req":"-","sess":"-","k":"monitor-endpoint-initiate-shutdown","v":{"communicator-error":"No process is on the other end of the pipe"}}
{"ts":"2022-03-25T23:14:08.526","pid":4100,"tid":"2740","sev":"fatal","req":"-","sess":"-","k":"server-shutdown-signal","v":{"start-time-delta":1060.15,"signal-number":2}}
{"ts":"2022-03-25T23:14:08.803","pid":4100,"tid":"2740","sev":"info","req":"-","sess":"-","k":"drop-all-connections","v":{}}
{"ts":"2022-03-25T23:14:08.804","pid":4100,"tid":"2350","sev":"info","req":"-","sess":"-","k":"watchdog-stopped","v":{}}
{"ts":"2022-03-25T23:14:08.805","pid":4100,"tid":"f9c","sev":"info","req":"-","sess":"-","k":"server-shutdown-begin","v":{"elapsed":0.278422,"start-time-delta":1060.43}}
{"ts":"2022-03-25T23:14:08.805","pid":4100,"tid":"f9c","sev":"info","req":"-","sess":"-","k":"scheduler-shutdown-begin","v":{}}
{"ts":"2022-03-25T23:14:08.806","pid":4100,"tid":"f9c","sev":"info","req":"-","sess":"-","k":"scheduler-shutdown-end","v":{"elapsed":0.0008738}}
{"ts":"2022-03-25T23:14:08.806","pid":4100,"tid":"f9c","sev":"info","req":"-","sess":"-","k":"global-infrastructure-shutdown","v":{}}
{"ts":"2022-03-25T23:14:08.806","pid":4100,"tid":"f9c","sev":"info","req":"-","sess":"-","k":"database-registry-shutdown-begin","v":{}}
{"ts":"2022-03-25T23:14:08.965","pid":4100,"tid":"f9c","sev":"info","req":"-","sess":"-","k":"objstore-commit","v":{"file":"\\\\?\\C:\\Users\\User\\AppData\\Local\\Temp\\TableauTemp\\0e8x5x909r3l8x10jjxof06vhnzw\\hyper_db","truncate":true,"uncommitted-changes":false,"elapsed-mark-free":3.64e-05,"elapsed-apply-pending-frees":4.6e-06,"file-size":65536,"elapsed-consolidate-freelist":1.2e-05,"directory-bytes":12368,"elapsed-write-directory-and-freelist":6.12e-05,"elapsed-sync-filehandles":0.0590893,"file-version":0,"encrypted":0,"last-write":"2022-03-25 17:44:08.859898","elapsed-write-header":0.099712,"elapsed-shrink-mapping":6.34e-05,"elapsed":0.159016}}
{"ts":"2022-03-25T23:14:08.965","pid":4100,"tid":"f9c","sev":"info","req":"-","sess":"-","k":"objstore-close","v":{"file":"\\\\?\\C:\\Users\\User\\AppData\\Local\\Temp\\TableauTemp\\0e8x5x909r3l8x10jjxof06vhnzw\\hyper_db","mode":"read-write","db-file-bytes":65536,"written-bytes":0,"accessed-bytes":{"direct":1044,"indirect":0}}}
{"ts":"2022-03-25T23:14:08.966","pid":4100,"tid":"f9c","sev":"info","req":"-","sess":"-","k":"dbregistry-release","v":{"path":"\\\\?\\C:\\Users\\User\\AppData\\Local\\Temp\\TableauTemp\\0e8x5x909r3l8x10jjxof06vhnzw\\hyper_db","saved":true,"elapsed-save":0.160114,"closed":true,"elapsed-registry-close":1.87e-05,"elapsed":0.160143}}
{"ts":"2022-03-25T23:14:08.966","pid":4100,"tid":"f9c","sev":"info","req":"-","sess":"-","k":"database-registry-shutdown-end","v":{"elapsed":0.16016}}
{"ts":"2022-03-25T23:14:08.967","pid":4100,"tid":"f9c","sev":"info","req":"-","sess":"-","k":"server-shutdown-end","v":{"elapsed":0.440759,"start-time-delta":1060.59}}
{"ts":"2022-03-25T23:14:08.967","pid":4100,"tid":"f9c","sev":"info","req":"-","sess":"-","k":"logging-end","v":{}}
{"ts":"2022-03-25T23:14:09.071","pid":4100,"tid":"1f54","sev":"info","req":"-","sess":"-","k":"log-close","v":{"path":"C:\\Users\\User\\Documents\\My Tableau Repository\\Logs\\hyperd.log"}}
